# JRE version: OpenJDK Runtime Environment Corretto-17.0.11.9.1 (17.0.11+9) (build 17.0.11+9-LTS)
# Java VM: OpenJDK 64-Bit Server VM Corretto-17.0.11.9.1 (17.0.11+9-LTS, mixed mode, sharing, tiered, compressed oops, compressed class ptrs, g1 gc, windows-amd64)
GC Precious Log:
 CPUs: 16 total, 16 available
 Memory: 32490M
 Large Page Support: Disabled
 NUMA Support: Disabled
 Compressed Oops: Enabled (Zero based)
 Heap Region Size: 4M
 Heap Min Capacity: 8M
 Heap Initial Capacity: 508M
 Heap Max Capacity: 8124M
 Pre-touch: Disabled
 Parallel Workers: 13
 Concurrent Workers: 3
 Concurrent Refinement Workers: 13
 Periodic GC: Disabled
Heap:
 garbage-first heap   total 626688K, used 20583K [0x0000000604400000, 0x0000000800000000)
  region size 4096K, 1 young (4096K), 1 survivors (4096K)
 Metaspace       used 9767K, committed 9984K, reserved 1114112K
  class space    used 1112K, committed 1216K, reserved 1048576K
GC Heap History (20 events):
Event: 1.359 GC heap after
{Heap after GC invocations=2 (full 0):
 garbage-first heap   total 520192K, used 20476K [0x0000000604400000, 0x0000000800000000)
  region size 4096K, 1 young (4096K), 1 survivors (4096K)
 Metaspace       used 9610K, committed 9856K, reserved 1114112K
  class space    used 1109K, committed 1216K, reserved 1048576K
}
Event: 1.378 GC heap before
{Heap before GC invocations=2 (full 0):
 garbage-first heap   total 520192K, used 45052K [0x0000000604400000, 0x0000000800000000)
  region size 4096K, 7 young (28672K), 1 survivors (4096K)
 Metaspace       used 9646K, committed 9856K, reserved 1114112K
  class space    used 1109K, committed 1216K, reserved 1048576K
}
Event: 1.379 GC heap after
{Heap after GC invocations=3 (full 0):
 garbage-first heap   total 520192K, used 20665K [0x0000000604400000, 0x0000000800000000)
  region size 4096K, 1 young (4096K), 1 survivors (4096K)
 Metaspace       used 9646K, committed 9856K, reserved 1114112K
  class space    used 1109K, committed 1216K, reserved 1048576K
}
Event: 1.399 GC heap before
{Heap before GC invocations=3 (full 0):
 garbage-first heap   total 520192K, used 102585K [0x0000000604400000, 0x0000000800000000)
  region size 4096K, 21 young (86016K), 1 survivors (4096K)
 Metaspace       used 9646K, committed 9856K, reserved 1114112K
  class space    used 1109K, committed 1216K, reserved 1048576K
}
Event: 1.399 GC heap after
{Heap after GC invocations=4 (full 0):
 garbage-first heap   total 520192K, used 20565K [0x0000000604400000, 0x0000000800000000)
  region size 4096K, 1 young (4096K), 1 survivors (4096K)
 Metaspace       used 9646K, committed 9856K, reserved 1114112K
  class space    used 1109K, committed 1216K, reserved 1048576K
}
Event: 1.427 GC heap before
{Heap before GC invocations=4 (full 0):
 garbage-first heap   total 520192K, used 327765K [0x0000000604400000, 0x0000000800000000)
  region size 4096K, 76 young (311296K), 1 survivors (4096K)
 Metaspace       used 9646K, committed 9856K, reserved 1114112K
  class space    used 1109K, committed 1216K, reserved 1048576K
}
Event: 1.428 GC heap after
{Heap after GC invocations=5 (full 0):
 garbage-first heap   total 520192K, used 20562K [0x0000000604400000, 0x0000000800000000)
  region size 4096K, 1 young (4096K), 1 survivors (4096K)
 Metaspace       used 9646K, committed 9856K, reserved 1114112K
  class space    used 1109K, committed 1216K, reserved 1048576K
}
Event: 1.457 GC heap before
{Heap before GC invocations=5 (full 0):
 garbage-first heap   total 520192K, used 327762K [0x0000000604400000, 0x0000000800000000)
  region size 4096K, 76 young (311296K), 1 survivors (4096K)
 Metaspace       used 9646K, committed 9856K, reserved 1114112K
  class space    used 1109K, committed 1216K, reserved 1048576K
}
Event: 1.457 GC heap after
{Heap after GC invocations=6 (full 0):
 garbage-first heap   total 520192K, used 20564K [0x0000000604400000, 0x0000000800000000)
  region size 4096K, 1 young (4096K), 1 survivors (4096K)
 Metaspace       used 9646K, committed 9856K, reserved 1114112K
  class space    used 1109K, committed 1216K, reserved 1048576K
}
Event: 1.489 GC heap before
{Heap before GC invocations=6 (full 0):
 garbage-first heap   total 520192K, used 327764K [0x0000000604400000, 0x0000000800000000)
  region size 4096K, 76 young (311296K), 1 survivors (4096K)
 Metaspace       used 9646K, committed 9856K, reserved 1114112K
  class space    used 1109K, committed 1216K, reserved 1048576K
}
Event: 1.780 GC heap after
{Heap after GC invocations=7 (full 0):
 garbage-first heap   total 626688K, used 20560K [0x0000000604400000, 0x0000000800000000)
  region size 4096K, 1 young (4096K), 1 survivors (4096K)
 Metaspace       used 9646K, committed 9856K, reserved 1114112K
  class space    used 1109K, committed 1216K, reserved 1048576K
}
Event: 2.139 GC heap before
{Heap before GC invocations=7 (full 0):
 garbage-first heap   total 626688K, used 389200K [0x0000000604400000, 0x0000000800000000)
  region size 4096K, 91 young (372736K), 1 survivors (4096K)
 Metaspace       used 9765K, committed 9984K, reserved 1114112K
  class space    used 1112K, committed 1216K, reserved 1048576K
}
Event: 2.139 GC heap after
{Heap after GC invocations=8 (full 0):
 garbage-first heap   total 626688K, used 20604K [0x0000000604400000, 0x0000000800000000)
  region size 4096K, 1 young (4096K), 1 survivors (4096K)
 Metaspace       used 9765K, committed 9984K, reserved 1114112K
  class space    used 1112K, committed 1216K, reserved 1048576K
}
Event: 2.161 GC heap before
{Heap before GC invocations=8 (full 0):
 garbage-first heap   total 626688K, used 389244K [0x0000000604400000, 0x0000000800000000)
  region size 4096K, 91 young (372736K), 1 survivors (4096K)
 Metaspace       used 9765K, committed 9984K, reserved 1114112K
  class space    used 1112K, committed 1216K, reserved 1048576K
}
Event: 2.162 GC heap after
{Heap after GC invocations=9 (full 0):
 garbage-first heap   total 626688K, used 20588K [0x0000000604400000, 0x0000000800000000)
  region size 4096K, 1 young (4096K), 1 survivors (4096K)
 Metaspace       used 9765K, committed 9984K, reserved 1114112K
  class space    used 1112K, committed 1216K, reserved 1048576K
}
Event: 2.185 GC heap before
{Heap before GC invocations=9 (full 0):
 garbage-first heap   total 626688K, used 389228K [0x0000000604400000, 0x0000000800000000)
  region size 4096K, 91 young (372736K), 1 survivors (4096K)
 Metaspace       used 9766K, committed 9984K, reserved 1114112K
  class space    used 1112K, committed 1216K, reserved 1048576K
}
Event: 2.185 GC heap after
{Heap after GC invocations=10 (full 0):
 garbage-first heap   total 626688K, used 20588K [0x0000000604400000, 0x0000000800000000)
  region size 4096K, 1 young (4096K), 1 survivors (4096K)
 Metaspace       used 9766K, committed 9984K, reserved 1114112K
  class space    used 1112K, committed 1216K, reserved 1048576K
}
Event: 2.215 GC heap before
{Heap before GC invocations=10 (full 0):
 garbage-first heap   total 626688K, used 389228K [0x0000000604400000, 0x0000000800000000)
  region size 4096K, 91 young (372736K), 1 survivors (4096K)
 Metaspace       used 9766K, committed 9984K, reserved 1114112K
  class space    used 1112K, committed 1216K, reserved 1048576K
}
Event: 2.216 GC heap after
{Heap after GC invocations=11 (full 0):
 garbage-first heap   total 626688K, used 20584K [0x0000000604400000, 0x0000000800000000)
  region size 4096K, 1 young (4096K), 1 survivors (4096K)
 Metaspace       used 9766K, committed 9984K, reserved 1114112K
  class space    used 1112K, committed 1216K, reserved 1048576K
}
Event: 2.256 GC heap before
{Heap before GC invocations=11 (full 0):
 garbage-first heap   total 626688K, used 389224K [0x0000000604400000, 0x0000000800000000)
  region size 4096K, 91 young (372736K), 1 survivors (4096K)
 Metaspace       used 9767K, committed 9984K, reserved 1114112K
  class space    used 1112K, committed 1216K, reserved 1048576K
}

