# JRE version: OpenJDK Runtime Environment Corretto-17.0.11.9.1 (17.0.11+9) (build 17.0.11+9-LTS)
# Java VM: OpenJDK 64-Bit Server VM Corretto-17.0.11.9.1 (17.0.11+9-LTS, mixed mode, sharing, tiered, compressed oops, compressed class ptrs, g1 gc, windows-amd64)
GC Precious Log:
 CPUs: 16 total, 16 available
 Memory: 32490M
 Large Page Support: Disabled
 NUMA Support: Disabled
 Compressed Oops: Enabled (Zero based)
 Heap Region Size: 4M
 Heap Min Capacity: 8M
 Heap Initial Capacity: 508M
 Heap Max Capacity: 8124M
 Pre-touch: Disabled
 Parallel Workers: 13
 Concurrent Workers: 3
 Concurrent Refinement Workers: 13
 Periodic GC: Disabled
Heap:
 garbage-first heap   total 671744K, used 20456K [0x0000000604400000, 0x0000000800000000)
  region size 4096K, 1 young (4096K), 1 survivors (4096K)
 Metaspace       used 9803K, committed 10048K, reserved 1114112K
  class space    used 1112K, committed 1216K, reserved 1048576K
GC Heap History (20 events):
Event: 0.386 GC heap after
{Heap after GC invocations=1 (full 0):
 garbage-first heap   total 520192K, used 17140K [0x0000000604400000, 0x0000000800000000)
  region size 4096K, 1 young (4096K), 1 survivors (4096K)
 Metaspace       used 5876K, committed 6144K, reserved 1114112K
  class space    used 631K, committed 768K, reserved 1048576K
}
Event: 1.062 GC heap before
{Heap before GC invocations=1 (full 0):
 garbage-first heap   total 520192K, used 37620K [0x0000000604400000, 0x0000000800000000)
  region size 4096K, 6 young (24576K), 1 survivors (4096K)
 Metaspace       used 9586K, committed 9792K, reserved 1114112K
  class space    used 1109K, committed 1216K, reserved 1048576K
}
Event: 1.063 GC heap after
{Heap after GC invocations=2 (full 0):
 garbage-first heap   total 520192K, used 20455K [0x0000000604400000, 0x0000000800000000)
  region size 4096K, 1 young (4096K), 1 survivors (4096K)
 Metaspace       used 9586K, committed 9792K, reserved 1114112K
  class space    used 1109K, committed 1216K, reserved 1048576K
}
Event: 1.078 GC heap before
{Heap before GC invocations=2 (full 0):
 garbage-first heap   total 520192K, used 45031K [0x0000000604400000, 0x0000000800000000)
  region size 4096K, 7 young (28672K), 1 survivors (4096K)
 Metaspace       used 9632K, committed 9856K, reserved 1114112K
  class space    used 1109K, committed 1216K, reserved 1048576K
}
Event: 1.079 GC heap after
{Heap after GC invocations=3 (full 0):
 garbage-first heap   total 520192K, used 20516K [0x0000000604400000, 0x0000000800000000)
  region size 4096K, 1 young (4096K), 1 survivors (4096K)
 Metaspace       used 9632K, committed 9856K, reserved 1114112K
  class space    used 1109K, committed 1216K, reserved 1048576K
}
Event: 1.099 GC heap before
{Heap before GC invocations=3 (full 0):
 garbage-first heap   total 520192K, used 102436K [0x0000000604400000, 0x0000000800000000)
  region size 4096K, 21 young (86016K), 1 survivors (4096K)
 Metaspace       used 9632K, committed 9856K, reserved 1114112K
  class space    used 1109K, committed 1216K, reserved 1048576K
}
Event: 1.099 GC heap after
{Heap after GC invocations=4 (full 0):
 garbage-first heap   total 520192K, used 20445K [0x0000000604400000, 0x0000000800000000)
  region size 4096K, 1 young (4096K), 1 survivors (4096K)
 Metaspace       used 9632K, committed 9856K, reserved 1114112K
  class space    used 1109K, committed 1216K, reserved 1048576K
}
Event: 1.133 GC heap before
{Heap before GC invocations=4 (full 0):
 garbage-first heap   total 520192K, used 327645K [0x0000000604400000, 0x0000000800000000)
  region size 4096K, 76 young (311296K), 1 survivors (4096K)
 Metaspace       used 9632K, committed 9856K, reserved 1114112K
  class space    used 1109K, committed 1216K, reserved 1048576K
}
Event: 1.134 GC heap after
{Heap after GC invocations=5 (full 0):
 garbage-first heap   total 520192K, used 20427K [0x0000000604400000, 0x0000000800000000)
  region size 4096K, 1 young (4096K), 1 survivors (4096K)
 Metaspace       used 9632K, committed 9856K, reserved 1114112K
  class space    used 1109K, committed 1216K, reserved 1048576K
}
Event: 1.172 GC heap before
{Heap before GC invocations=5 (full 0):
 garbage-first heap   total 520192K, used 327627K [0x0000000604400000, 0x0000000800000000)
  region size 4096K, 76 young (311296K), 1 survivors (4096K)
 Metaspace       used 9632K, committed 9856K, reserved 1114112K
  class space    used 1109K, committed 1216K, reserved 1048576K
}
Event: 1.173 GC heap after
{Heap after GC invocations=6 (full 0):
 garbage-first heap   total 671744K, used 20423K [0x0000000604400000, 0x0000000800000000)
  region size 4096K, 1 young (4096K), 1 survivors (4096K)
 Metaspace       used 9632K, committed 9856K, reserved 1114112K
  class space    used 1109K, committed 1216K, reserved 1048576K
}
Event: 1.654 GC heap before
{Heap before GC invocations=6 (full 0):
 garbage-first heap   total 671744K, used 417735K [0x0000000604400000, 0x0000000800000000)
  region size 4096K, 98 young (401408K), 1 survivors (4096K)
 Metaspace       used 9797K, committed 10048K, reserved 1114112K
  class space    used 1112K, committed 1216K, reserved 1048576K
}
Event: 1.654 GC heap after
{Heap after GC invocations=7 (full 0):
 garbage-first heap   total 671744K, used 20502K [0x0000000604400000, 0x0000000800000000)
  region size 4096K, 1 young (4096K), 1 survivors (4096K)
 Metaspace       used 9797K, committed 10048K, reserved 1114112K
  class space    used 1112K, committed 1216K, reserved 1048576K
}
Event: 1.672 GC heap before
{Heap before GC invocations=7 (full 0):
 garbage-first heap   total 671744K, used 417814K [0x0000000604400000, 0x0000000800000000)
  region size 4096K, 98 young (401408K), 1 survivors (4096K)
 Metaspace       used 9803K, committed 10048K, reserved 1114112K
  class space    used 1112K, committed 1216K, reserved 1048576K
}
Event: 1.672 GC heap after
{Heap after GC invocations=8 (full 0):
 garbage-first heap   total 671744K, used 20457K [0x0000000604400000, 0x0000000800000000)
  region size 4096K, 1 young (4096K), 1 survivors (4096K)
 Metaspace       used 9803K, committed 10048K, reserved 1114112K
  class space    used 1112K, committed 1216K, reserved 1048576K
}
Event: 1.698 GC heap before
{Heap before GC invocations=8 (full 0):
 garbage-first heap   total 671744K, used 417769K [0x0000000604400000, 0x0000000800000000)
  region size 4096K, 98 young (401408K), 1 survivors (4096K)
 Metaspace       used 9803K, committed 10048K, reserved 1114112K
  class space    used 1112K, committed 1216K, reserved 1048576K
}
Event: 1.699 GC heap after
{Heap after GC invocations=9 (full 0):
 garbage-first heap   total 671744K, used 20453K [0x0000000604400000, 0x0000000800000000)
  region size 4096K, 1 young (4096K), 1 survivors (4096K)
 Metaspace       used 9803K, committed 10048K, reserved 1114112K
  class space    used 1112K, committed 1216K, reserved 1048576K
}
Event: 1.722 GC heap before
{Heap before GC invocations=9 (full 0):
 garbage-first heap   total 671744K, used 417765K [0x0000000604400000, 0x0000000800000000)
  region size 4096K, 98 young (401408K), 1 survivors (4096K)
 Metaspace       used 9803K, committed 10048K, reserved 1114112K
  class space    used 1112K, committed 1216K, reserved 1048576K
}
Event: 1.722 GC heap after
{Heap after GC invocations=10 (full 0):
 garbage-first heap   total 671744K, used 20453K [0x0000000604400000, 0x0000000800000000)
  region size 4096K, 1 young (4096K), 1 survivors (4096K)
 Metaspace       used 9803K, committed 10048K, reserved 1114112K
  class space    used 1112K, committed 1216K, reserved 1048576K
}
Event: 1.752 GC heap before
{Heap before GC invocations=10 (full 0):
 garbage-first heap   total 671744K, used 417765K [0x0000000604400000, 0x0000000800000000)
  region size 4096K, 98 young (401408K), 1 survivors (4096K)
 Metaspace       used 9803K, committed 10048K, reserved 1114112K
  class space    used 1112K, committed 1216K, reserved 1048576K
}

